
Log started (V12.9.0.0) Thu May 30 00:32:46 2024


Problem 'problem.lp' read.
Read time = 0.02 sec. (0.18 ticks)
Found incumbent of value 182.296738 after 0.00 sec. (0.20 ticks)
Tried aggregator 1 time.
MIP Presolve eliminated 77 rows and 0 columns.
Reduced MIP has 1561 rows, 1522 columns, and 6045 nonzeros.
Reduced MIP has 1521 binaries, 0 generals, 0 SOSs, and 0 indicators.
Presolve time = 0.02 sec. (5.67 ticks)
Probing time = 0.01 sec. (2.95 ticks)
Tried aggregator 1 time.
Reduced MIP has 1561 rows, 1522 columns, and 6045 nonzeros.
Reduced MIP has 1521 binaries, 0 generals, 0 SOSs, and 0 indicators.
Presolve time = 0.00 sec. (5.91 ticks)
Probing time = 0.00 sec. (2.91 ticks)
Clique table members: 3892.
MIP emphasis: balance optimality and feasibility.
MIP search method: dynamic search.
Parallel mode: deterministic, using up to 12 threads.
Root relaxation solution time = 0.09 sec. (159.57 ticks)

        Nodes                                         Cuts/
   Node  Left     Objective  IInf  Best Integer    Best Bound    ItCnt     Gap

*     0+    0                          182.2967        0.0000           100.00%
      0     0        1.4068   361      182.2967        1.4068       20   99.23%
*     0+    0                           37.0396        1.4068            96.20%
      0     0        1.5211   358       37.0396      Cuts: 49      320   95.89%
*     0+    0                           24.1755        1.5211            93.71%
      0     0        1.6124   377       24.1755      Cuts: 41      601   93.33%
*     0+    0                           21.7353        1.6124            92.58%
      0     0        1.6686   366       21.7353      Cuts: 36      830   92.32%
*     0+    0                           21.4495        1.6686            92.22%
*     0+    0                           20.4227        1.6686            91.83%
*     0+    0                           16.3285        1.6686            89.78%
*     0+    0                           15.0444        1.6686            88.91%
      0     0        1.7287   389       15.0444      Cuts: 32     1055   88.51%
      0     0        1.7744   400       15.0444      Cuts: 27     1232   88.21%
*     0+    0                           14.2046        1.7744            87.51%
      0     0        1.8102   400       14.2046      Cuts: 19     1365   87.26%
*     0+    0                           13.8366        1.8102            86.92%
*     0+    0                           13.8356        1.8102            86.92%
*     0+    0                           13.4646        1.8102            86.56%
*     0+    0                           13.4242        1.8102            86.52%
*     0+    0                           13.2095        1.8102            86.30%
*     0+    0                           13.0614        1.8102            86.14%
*     0+    0                           13.0327        1.8102            86.11%
*     0+    0                           13.0027        1.8102            86.08%
*     0+    0                           12.9343        1.8102            86.00%
      0     0        1.8391   398       12.9343      Cuts: 20     1499   85.78%
      0     0        1.8589   398       12.9343       Cuts: 8     1601   85.63%
      0     0        1.8889   402       12.9343      Cuts: 13     1734   85.40%
      0     0        1.9114   401       12.9343      Cuts: 13     1857   85.22%
      0     0        1.9252   404       12.9343       Cuts: 6     1946   85.12%
      0     0        1.9447   405       12.9343      Cuts: 12     2045   84.97%
      0     0        1.9456   406       12.9343   Impl Bds: 4     2077   84.96%
*     0+    0                           12.1922        1.9456            84.04%
      0     0        1.9460   402       12.1922   Impl Bds: 2     2092   84.04%
*     0+    0                           11.6624        1.9460            83.31%
*     0+    0                           11.4634        1.9460            83.02%
      0     2        1.9460   402       11.4634        1.9460     2092   83.02%
Elapsed time = 2.38 sec. (2408.74 ticks, tree = 0.02 MB, solutions = 21)
     38    25        2.3586   364       11.4634        2.0567     6809   82.06%
     79    70        2.3784   404       11.4634        2.0567    16353   82.06%
    126   116        2.4880   378       11.4634        2.0939    30491   81.73%
    207   161        2.6257   313       11.4634        2.0939    45528   81.73%
    341   288        7.6144   124       11.4634        2.0939    64092   81.73%
    502   389        4.4335   208       11.4634        2.0939    74926   81.73%
    815   510        cutoff             11.4634        2.0939    88004   81.73%
   1110   853       10.4252   117       11.4634        2.0939   118653   81.73%
*  1173+  685                           11.4053        2.0939            81.64%
   1263   967        2.8420   294       11.4053        2.1129   128720   81.47%
*  1311+  958                           11.4053        2.1129            81.47%
*  1507+ 1331                           11.3887        2.1938            80.74%
   1801  1509        9.3246   176       11.3887        2.1940   197652   80.73%
Elapsed time = 5.48 sec. (5533.82 ticks, tree = 6.82 MB, solutions = 23)
   2856  2290        3.1986   301       11.3887        2.2628   264555   80.13%
   4008  3295       10.7508   112       11.3887        2.3586   328225   79.29%
   4024  3498        3.1592   353       11.3887        3.1592   348106   72.26%
   4027  3501        3.3116   394       11.3887        3.1658   349182   72.20%
*  4042+  372                           11.3543        3.1708            72.07%
*  4042+  250                           11.1534        3.1708            71.57%
   4042   252        3.3035   382       11.1534        3.1708   350424   71.57%
   4165   108        3.3932   354       11.1534        3.1948   363983   71.36%
   4469   241        6.1427   646       11.1534        3.1948   380016   71.36%
   6543  1004        5.8879   776       11.1534        3.1948   417717   71.36%
   7437  2088        6.9042   616       11.1534        3.1948   464650   71.36%
   9237  2715        cutoff             11.1534        3.2042   502311   71.27%
Elapsed time = 23.80 sec. (20052.93 ticks, tree = 3.40 MB, solutions = 27)
  10362  3792        cutoff             11.1534        3.2395   564118   70.96%
  11341  4251        8.6224   339       11.1534        3.2395   590415   70.96%
  13484  5818    infeasible             11.1534        3.3313   633124   70.13%
  14485  6937        3.8446   267       11.1534        3.3685   676487   69.80%
  15694  8024        4.1406   324       11.1534        3.3726   731995   69.76%
  16743  8816        4.2687   340       11.1534        3.3756   772349   69.73%
  18263  9757        3.6869   338       11.1534        3.3798   798144   69.70%
  20614 11801        5.3242   296       11.1534        3.3812   847945   69.68%
  22275 14063        3.5285   318       11.1534        3.3926   898390   69.58%
  24550 15668        3.8660   372       11.1534        3.3976   952172   69.54%
Elapsed time = 41.46 sec. (29595.14 ticks, tree = 16.91 MB, solutions = 27)
  26065 17707        7.9822   379       11.1534        3.3986  1030340   69.53%
  28113 18998        4.0543   313       11.1534        3.4109  1095899   69.42%
  29721 20133        4.8742   348       11.1534        3.4133  1131209   69.40%
  32618 23105        4.6586   199       11.1534        3.4162  1209338   69.37%
  35200 25112        4.3523   251       11.1534        3.4270  1276510   69.27%
  37500 27576        5.7606   261       11.1534        3.4298  1354585   69.25%
  38770 29569        4.2252   272       11.1534        3.4334  1447922   69.22%
  40671 31229        4.7349   337       11.1534        3.4334  1504873   69.22%
  41238 32048        4.1174   362       11.1534        3.4339  1557565   69.21%
* 41299+31757                           10.9917        3.4339            68.76%
  41680 32275        4.6222   348       10.9917        3.4339  1572610   68.76%
Elapsed time = 55.79 sec. (39141.69 ticks, tree = 34.59 MB, solutions = 28)
  42300 32767        4.2507   260       10.9917        3.4339  1604361   68.76%
  43182 33467        5.2657   285       10.9917        3.4347  1626263   68.75%
  45152 34459        4.6229   323       10.9917        3.4386  1651553   68.72%
  47802 37296        4.8637   287       10.9917        3.4429  1740699   68.68%
  50054 38430        8.5969   365       10.9917        3.4467  1773978   68.64%
* 50740+40440                           10.9584        3.4467            68.55%
  52061 41240        4.1452   357       10.9584        3.4467  1864807   68.55%
  54742 42819        6.4537   311       10.9584        3.4543  1910797   68.48%
* 56431+44674                           10.9394        3.4593            68.38%
  57435 45946        5.4226   314       10.9394        3.4593  2001219   68.38%
  59352 47813        5.2886   280       10.9394        3.4636  2048325   68.34%
  61813 49345        3.8918   345       10.9394        3.4645  2105825   68.33%
Elapsed time = 66.52 sec. (48682.07 ticks, tree = 52.91 MB, solutions = 30)
  64572 53374       10.0458   178       10.9394        3.4670  2229740   68.31%
  66420 54488        4.6320   249       10.9394        3.4690  2274536   68.29%
  68460 56065        4.3978   257       10.9394        3.4726  2329042   68.26%
  71536 58697        5.8879   265       10.9394        3.4741  2409674   68.24%
  73733 60971        4.8742   311       10.9394        3.4758  2469145   68.23%
  75262 63907        5.3517   385       10.9394        3.4758  2582966   68.23%
  76359 64191        6.9472   322       10.9394        3.4833  2598220   68.16%
  78452 66032        5.9756   254       10.9394        3.4861  2672230   68.13%
  81290 67018        4.6178   326       10.9394        3.4871  2709656   68.12%
  83777 70627        6.9472   224       10.9394        3.4995  2815927   68.01%
Elapsed time = 80.47 sec. (58222.84 ticks, tree = 77.82 MB, solutions = 30)
  85460 72952        5.2263   339       10.9394        3.5052  2904499   67.96%
  88036 74469        4.1831   350       10.9394        3.5062  2948304   67.95%
  90456 76101        5.5532   278       10.9394        3.5122  3004254   67.89%
  92536 78468        5.1513   309       10.9394        3.5161  3073330   67.86%
  95378 81306        5.1123   301       10.9394        3.5186  3137225   67.84%
  97884 82943        5.8571   213       10.9394        3.5263  3202996   67.76%
 100344 85452        4.7826   310       10.9394        3.5263  3292256   67.76%
 102609 88195        7.0875   576       10.9394        3.5263  3406390   67.76%
 104197 90974        6.2985   298       10.9394        3.5399  3494726   67.64%
 106515 91635        5.1874   253       10.9394        3.5454  3511674   67.59%
Elapsed time = 94.88 sec. (67764.27 ticks, tree = 99.87 MB, solutions = 30)
 109115 93862        3.8043   332       10.9394        3.5490  3566132   67.56%
 111697 96838        5.0596   316       10.9394        3.5502  3685447   67.55%
 113903 99151        4.4182   452       10.9394        3.5588  3764406   67.47%
 116385 100850        4.8742   299       10.9394        3.5619  3816295   67.44%
 119194 102839        5.7735   261       10.9394        3.5669  3874956   67.39%
 120727 106436        4.3838   448       10.9394        3.5689  3998932   67.38%
 122517 106851        6.6601   301       10.9394        3.5718  4020257   67.35%
 124794 108042        4.0859   469       10.9394        3.5743  4091763   67.33%
 127210 110728        4.6177   295       10.9394        3.5761  4168909   67.31%
 129975 114304        4.4345   432       10.9394        3.5776  4270267   67.30%
Elapsed time = 111.63 sec. (77304.21 ticks, tree = 123.04 MB, solutions = 30)
 132260 116365        6.8433   229       10.9394        3.5806  4339867   67.27%
 135074 118473        5.8276   601       10.9394        3.5835  4413191   67.24%
 136533 120191        5.9618   867       10.9394        3.5835  4460108   67.24%
 138199 121428        5.1628   285       10.9394        3.5851  4522434   67.23%
 140398 123294        7.7143   571       10.9394        3.5858  4598222   67.22%
 142978 125967        6.8624   258       10.9394        3.5881  4694601   67.20%
 145384 126917        7.2556   585       10.9394        3.5911  4734115   67.17%
 146799 130229        4.4942   594       10.9394        3.5937  4857468   67.15%
 148837 131531        5.3701   284       10.9394        3.5953  4916719   67.13%
 150835 132603        4.5259   322       10.9394        3.5954  4964791   67.13%
Elapsed time = 126.10 sec. (86845.38 ticks, tree = 141.09 MB, solutions = 30)
 153204 134799        5.1217   270       10.9394        3.5965  5042092   67.12%
 153366 137183        3.2296   380       10.9394        3.5980  5119715   67.11%
 153367 137184        3.3786   395       10.9394        3.5980  5120673   67.11%
 153369 137185        3.7741   449       10.9394        3.5980  5121364   67.11%
 153378 77950        4.0425   405       10.9394        3.5980  5123353   67.11%
 153414   555        3.3895   385       10.9394        3.5980  5128091   67.11%
 153453    73        3.9156   428       10.9394        3.5980  5133772   67.11%
 153500   109        6.5169   404       10.9394        3.5980  5143734   67.11%
 153556   131        5.2657   518       10.9394        3.5980  5152750   67.11%
 153889   354        cutoff             10.9394        3.5980  5197120   67.11%
Elapsed time = 163.99 sec. (107373.20 ticks, tree = 1.50 MB, solutions = 30)
 154466   634        6.6746   605       10.9394        3.5980  5231209   67.11%
 156805  1937        7.7807   396       10.9394        3.5980  5282195   67.11%
 160161  5202        3.7460   338       10.9394        3.5980  5376618   67.11%
 163115  8359        3.9465   440       10.9394        3.5980  5528874   67.11%
 166626 10764        4.8070   240       10.9394        3.5980  5629738   67.11%
 171112 16041        4.1620   381       10.9394        3.5980  5787953   67.11%
 175417 20035        4.1620   447       10.9394        3.5980  5924467   67.11%
 179468 23598        4.2545   416       10.9394        3.5980  6025742   67.11%
 183743 27126        4.1906   399       10.9394        3.5980  6131089   67.11%
 187957 32206        6.7206   241       10.9394        3.5980  6292330   67.11%
Elapsed time = 228.71 sec. (145544.46 ticks, tree = 400.43 MB, solutions = 30)
 192197 36079        7.6716   206       10.9394        3.5980  6434311   67.11%
 196157 39805        3.9271   396       10.9394        3.5980  6539580   67.11%
 200047 42789        3.8501   452       10.9394        3.5980  6618604   67.11%
 204075 47064        4.0032   448       10.9394        3.5980  6744835   67.11%
 208850 50907        4.1758   332       10.9394        3.5980  6829483   67.11%
 212975 54679        3.8329   424       10.9394        3.5980  6927881   67.11%
 217691 59341        6.3075   262       10.9394        3.5980  7057936   67.11%
 222109 64947        5.3912   279       10.9394        3.5980  7204309   67.11%
 226011 67818        8.4201   201       10.9394        3.5980  7319996   67.11%
 230684 71658        3.6702   366       10.9394        3.5980  7457733   67.11%
Elapsed time = 292.82 sec. (183699.19 ticks, tree = 768.60 MB, solutions = 30)
 235406 77353        5.0565   404       10.9394        3.5980  7602762   67.11%
 239491 81452        5.7606   275       10.9394        3.5980  7760828   67.11%

Log started (V12.9.0.0) Thu May 30 08:58:12 2024


Problem 'problem.lp' read.
Read time = 0.02 sec. (0.18 ticks)
Found incumbent of value 182.296738 after 0.00 sec. (0.20 ticks)
Tried aggregator 1 time.
MIP Presolve eliminated 77 rows and 0 columns.
Reduced MIP has 1561 rows, 1522 columns, and 6045 nonzeros.
Reduced MIP has 1521 binaries, 0 generals, 0 SOSs, and 0 indicators.
Presolve time = 0.01 sec. (5.67 ticks)
Probing time = 0.00 sec. (2.95 ticks)
Tried aggregator 1 time.
Reduced MIP has 1561 rows, 1522 columns, and 6045 nonzeros.
Reduced MIP has 1521 binaries, 0 generals, 0 SOSs, and 0 indicators.
Presolve time = 0.01 sec. (5.91 ticks)
Probing time = 0.00 sec. (2.91 ticks)
Clique table members: 3892.
MIP emphasis: balance optimality and feasibility.
MIP search method: dynamic search.
Parallel mode: deterministic, using up to 12 threads.
Root relaxation solution time = 0.12 sec. (159.57 ticks)

        Nodes                                         Cuts/
   Node  Left     Objective  IInf  Best Integer    Best Bound    ItCnt     Gap

*     0+    0                          182.2967        0.0000           100.00%
      0     0        1.4068   361      182.2967        1.4068       20   99.23%
*     0+    0                           37.0396        1.4068            96.20%
      0     0        1.5211   358       37.0396      Cuts: 49      320   95.89%
*     0+    0                           24.1755        1.5211            93.71%
      0     0        1.6124   377       24.1755      Cuts: 41      601   93.33%
*     0+    0                           21.7353        1.6124            92.58%
      0     0        1.6686   366       21.7353      Cuts: 36      830   92.32%
*     0+    0                           21.4495        1.6686            92.22%
*     0+    0                           20.4227        1.6686            91.83%
*     0+    0                           16.3285        1.6686            89.78%
*     0+    0                           15.0444        1.6686            88.91%
      0     0        1.7287   389       15.0444      Cuts: 32     1055   88.51%
      0     0        1.7744   400       15.0444      Cuts: 27     1232   88.21%
*     0+    0                           14.2046        1.7744            87.51%
      0     0        1.8102   400       14.2046      Cuts: 19     1365   87.26%
*     0+    0                           13.8366        1.8102            86.92%
*     0+    0                           13.8356        1.8102            86.92%
*     0+    0                           13.4646        1.8102            86.56%
*     0+    0                           13.4242        1.8102            86.52%
*     0+    0                           13.2095        1.8102            86.30%
*     0+    0                           13.0614        1.8102            86.14%
*     0+    0                           13.0327        1.8102            86.11%
*     0+    0                           13.0027        1.8102            86.08%
*     0+    0                           12.9343        1.8102            86.00%
      0     0        1.8391   398       12.9343      Cuts: 20     1499   85.78%
      0     0        1.8589   398       12.9343       Cuts: 8     1601   85.63%
      0     0        1.8889   402       12.9343      Cuts: 13     1734   85.40%
      0     0        1.9114   401       12.9343      Cuts: 13     1857   85.22%
      0     0        1.9252   404       12.9343       Cuts: 6     1946   85.12%
      0     0        1.9447   405       12.9343      Cuts: 12     2045   84.97%
      0     0        1.9456   406       12.9343   Impl Bds: 4     2077   84.96%
*     0+    0                           12.1922        1.9456            84.04%
      0     0        1.9460   402       12.1922   Impl Bds: 2     2092   84.04%
*     0+    0                           11.6624        1.9460            83.31%
*     0+    0                           11.4634        1.9460            83.02%
      0     2        1.9460   402       11.4634        1.9460     2092   83.02%
Elapsed time = 2.94 sec. (2408.74 ticks, tree = 0.02 MB, solutions = 21)
     38    25        2.3586   364       11.4634        2.0567     6809   82.06%
     79    70        2.3784   404       11.4634        2.0567    16353   82.06%
    126   116        2.4880   378       11.4634        2.0939    30491   81.73%
    207   161        2.6257   313       11.4634        2.0939    45528   81.73%
    341   288        7.6144   124       11.4634        2.0939    64092   81.73%
    502   389        4.4335   208       11.4634        2.0939    74926   81.73%
    815   510        cutoff             11.4634        2.0939    88004   81.73%
   1110   853       10.4252   117       11.4634        2.0939   118653   81.73%
*  1173+  685                           11.4053        2.0939            81.64%
   1263   967        2.8420   294       11.4053        2.1129   128720   81.47%
*  1311+  958                           11.4053        2.1129            81.47%
*  1507+ 1331                           11.3887        2.1938            80.74%
   1801  1509        9.3246   176       11.3887        2.1940   197652   80.73%
Elapsed time = 6.53 sec. (5533.82 ticks, tree = 6.82 MB, solutions = 23)
   2856  2290        3.1986   301       11.3887        2.2628   264555   80.13%
   4008  3295       10.7508   112       11.3887        2.3586   328225   79.29%
   4024  3498        3.1592   353       11.3887        3.1592   348106   72.26%
   4027  3501        3.3116   394       11.3887        3.1658   349182   72.20%
*  4042+  372                           11.3543        3.1708            72.07%
*  4042+  250                           11.1534        3.1708            71.57%
   4042   252        3.3035   382       11.1534        3.1708   350424   71.57%
   4165   108        3.3932   354       11.1534        3.1948   363983   71.36%
   4469   241        6.1427   646       11.1534        3.1948   380016   71.36%
   6543  1004        5.8879   776       11.1534        3.1948   417717   71.36%
   7437  2088        6.9042   616       11.1534        3.1948   464650   71.36%
   9237  2715        cutoff             11.1534        3.2042   502311   71.27%
Elapsed time = 27.85 sec. (20052.93 ticks, tree = 3.40 MB, solutions = 27)
  10362  3792        cutoff             11.1534        3.2395   564118   70.96%
  11341  4251        8.6224   339       11.1534        3.2395   590415   70.96%
  13484  5818    infeasible             11.1534        3.3313   633124   70.13%
  14485  6937        3.8446   267       11.1534        3.3685   676487   69.80%
  15694  8024        4.1406   324       11.1534        3.3726   731995   69.76%
  16743  8816        4.2687   340       11.1534        3.3756   772349   69.73%
  18263  9757        3.6869   338       11.1534        3.3798   798144   69.70%
  20614 11801        5.3242   296       11.1534        3.3812   847945   69.68%
  22275 14063        3.5285   318       11.1534        3.3926   898390   69.58%
  24550 15668        3.8660   372       11.1534        3.3976   952172   69.54%
Elapsed time = 42.59 sec. (29595.14 ticks, tree = 16.91 MB, solutions = 27)
  26065 17707        7.9822   379       11.1534        3.3986  1030340   69.53%
  28113 18998        4.0543   313       11.1534        3.4109  1095899   69.42%
  29721 20133        4.8742   348       11.1534        3.4133  1131209   69.40%
  32618 23105        4.6586   199       11.1534        3.4162  1209338   69.37%
  35200 25112        4.3523   251       11.1534        3.4270  1276510   69.27%
  37500 27576        5.7606   261       11.1534        3.4298  1354585   69.25%
  38770 29569        4.2252   272       11.1534        3.4334  1447922   69.22%
  40671 31229        4.7349   337       11.1534        3.4334  1504873   69.22%
  41238 32048        4.1174   362       11.1534        3.4339  1557565   69.21%
* 41299+31757                           10.9917        3.4339            68.76%
  41680 32275        4.6222   348       10.9917        3.4339  1572610   68.76%
Elapsed time = 56.18 sec. (39141.69 ticks, tree = 34.59 MB, solutions = 28)
  42300 32767        4.2507   260       10.9917        3.4339  1604361   68.76%
  43182 33467        5.2657   285       10.9917        3.4347  1626263   68.75%
  45152 34459        4.6229   323       10.9917        3.4386  1651553   68.72%
  47802 37296        4.8637   287       10.9917        3.4429  1740699   68.68%
  50054 38430        8.5969   365       10.9917        3.4467  1773978   68.64%
* 50740+40440                           10.9584        3.4467            68.55%
  52061 41240        4.1452   357       10.9584        3.4467  1864807   68.55%
  54742 42819        6.4537   311       10.9584        3.4543  1910797   68.48%
* 56431+44674                           10.9394        3.4593            68.38%
  57435 45946        5.4226   314       10.9394        3.4593  2001219   68.38%
  59352 47813        5.2886   280       10.9394        3.4636  2048325   68.34%
  61813 49345        3.8918   345       10.9394        3.4645  2105825   68.33%
Elapsed time = 72.52 sec. (48682.07 ticks, tree = 52.91 MB, solutions = 30)
  64572 53374       10.0458   178       10.9394        3.4670  2229740   68.31%
  66420 54488        4.6320   249       10.9394        3.4690  2274536   68.29%
  68460 56065        4.3978   257       10.9394        3.4726  2329042   68.26%
  71536 58697        5.8879   265       10.9394        3.4741  2409674   68.24%
  73733 60971        4.8742   311       10.9394        3.4758  2469145   68.23%
  75262 63907        5.3517   385       10.9394        3.4758  2582966   68.23%
  76359 64191        6.9472   322       10.9394        3.4833  2598220   68.16%
  78452 66032        5.9756   254       10.9394        3.4861  2672230   68.13%
  81290 67018        4.6178   326       10.9394        3.4871  2709656   68.12%
  83777 70627        6.9472   224       10.9394        3.4995  2815927   68.01%
Elapsed time = 90.34 sec. (58222.84 ticks, tree = 77.82 MB, solutions = 30)
  85460 72952        5.2263   339       10.9394        3.5052  2904499   67.96%
  88036 74469        4.1831   350       10.9394        3.5062  2948304   67.95%
  90456 76101        5.5532   278       10.9394        3.5122  3004254   67.89%
  92536 78468        5.1513   309       10.9394        3.5161  3073330   67.86%
  95378 81306        5.1123   301       10.9394        3.5186  3137225   67.84%
  97884 82943        5.8571   213       10.9394        3.5263  3202996   67.76%
 100344 85452        4.7826   310       10.9394        3.5263  3292256   67.76%
 102609 88195        7.0875   576       10.9394        3.5263  3406390   67.76%
 104197 90974        6.2985   298       10.9394        3.5399  3494726   67.64%
 106515 91635        5.1874   253       10.9394        3.5454  3511674   67.59%
Elapsed time = 106.50 sec. (67764.27 ticks, tree = 99.87 MB, solutions = 30)
 109115 93862        3.8043   332       10.9394        3.5490  3566132   67.56%
 111697 96838        5.0596   316       10.9394        3.5502  3685447   67.55%
 113903 99151        4.4182   452       10.9394        3.5588  3764406   67.47%
 116385 100850        4.8742   299       10.9394        3.5619  3816295   67.44%
 119194 102839        5.7735   261       10.9394        3.5669  3874956   67.39%
 120727 106436        4.3838   448       10.9394        3.5689  3998932   67.38%
 122517 106851        6.6601   301       10.9394        3.5718  4020257   67.35%
 124794 108042        4.0859   469       10.9394        3.5743  4091763   67.33%
 127210 110728        4.6177   295       10.9394        3.5761  4168909   67.31%
 129975 114304        4.4345   432       10.9394        3.5776  4270267   67.30%
Elapsed time = 119.01 sec. (77304.21 ticks, tree = 123.04 MB, solutions = 30)
 132260 116365        6.8433   229       10.9394        3.5806  4339867   67.27%
 135074 118473        5.8276   601       10.9394        3.5835  4413191   67.24%
 136533 120191        5.9618   867       10.9394        3.5835  4460108   67.24%
 138199 121428        5.1628   285       10.9394        3.5851  4522434   67.23%
 140398 123294        7.7143   571       10.9394        3.5858  4598222   67.22%
 142978 125967        6.8624   258       10.9394        3.5881  4694601   67.20%
 145384 126917        7.2556   585       10.9394        3.5911  4734115   67.17%
 146799 130229        4.4942   594       10.9394        3.5937  4857468   67.15%
 148837 131531        5.3701   284       10.9394        3.5953  4916719   67.13%
 150835 132603        4.5259   322       10.9394        3.5954  4964791   67.13%
Elapsed time = 135.03 sec. (86845.38 ticks, tree = 141.09 MB, solutions = 30)
 153204 134799        5.1217   270       10.9394        3.5965  5042092   67.12%
 153366 137183        3.2296   380       10.9394        3.5980  5119715   67.11%
 153367 137184        3.3786   395       10.9394        3.5980  5120673   67.11%
 153369 137185        3.7741   449       10.9394        3.5980  5121364   67.11%
 153378 77950        4.0425   405       10.9394        3.5980  5123353   67.11%
 153414   555        3.3895   385       10.9394        3.5980  5128091   67.11%
 153453    73        3.9156   428       10.9394        3.5980  5133772   67.11%
 153500   109        6.5169   404       10.9394        3.5980  5143734   67.11%
 153556   131        5.2657   518       10.9394        3.5980  5152750   67.11%
 153889   354        cutoff             10.9394        3.5980  5197120   67.11%
Elapsed time = 173.55 sec. (107373.20 ticks, tree = 1.50 MB, solutions = 30)
 154466   634        6.6746   605       10.9394        3.5980  5231209   67.11%
 156805  1937        7.7807   396       10.9394        3.5980  5282195   67.11%
 160161  5202        3.7460   338       10.9394        3.5980  5376618   67.11%
 163115  8359        3.9465   440       10.9394        3.5980  5528874   67.11%
 166626 10764        4.8070   240       10.9394        3.5980  5629738   67.11%
 171112 16041        4.1620   381       10.9394        3.5980  5787953   67.11%
 175417 20035        4.1620   447       10.9394        3.5980  5924467   67.11%
 179468 23598        4.2545   416       10.9394        3.5980  6025742   67.11%
 183743 27126        4.1906   399       10.9394        3.5980  6131089   67.11%
 187957 32206        6.7206   241       10.9394        3.5980  6292330   67.11%
Elapsed time = 246.86 sec. (145544.46 ticks, tree = 400.43 MB, solutions = 30)
 192197 36079        7.6716   206       10.9394        3.5980  6434311   67.11%
 196157 39805        3.9271   396       10.9394        3.5980  6539580   67.11%
 200047 42789        3.8501   452       10.9394        3.5980  6618604   67.11%
 204075 47064        4.0032   448       10.9394        3.5980  6744835   67.11%
 208850 50907        4.1758   332       10.9394        3.5980  6829483   67.11%
 212975 54679        3.8329   424       10.9394        3.5980  6927881   67.11%
 217691 59341        6.3075   262       10.9394        3.5980  7057936   67.11%
 222109 64947        5.3912   279       10.9394        3.5980  7204309   67.11%
 226011 67818        8.4201   201       10.9394        3.5980  7319996   67.11%
 230684 71658        3.6702   366       10.9394        3.5980  7457733   67.11%
Elapsed time = 323.57 sec. (183699.19 ticks, tree = 768.60 MB, solutions = 30)
 235406 77353        5.0565   404       10.9394        3.5980  7602762   67.11%
 239491 81452        5.7606   275       10.9394        3.5980  7760828   67.11%
 244335 84782        3.9142   436       10.9394        3.5980  7864468   67.11%
 248055 89616        3.8237   425       10.9394        3.5980  8006982   67.11%
 253124 94335        4.1634   400       10.9394        3.5980  8153517   67.11%
 257908 97914        7.3053   401       10.9394        3.5980  8247384   67.11%
 262060 103065        4.2149   430       10.9394        3.5980  8399506   67.11%
 267138 108349        4.6192   400       10.9394        3.5980  8555260   67.11%
 272241 111733        4.4667   354       10.9394        3.5980  8637884   67.11%
 276470 116411        6.4727   276       10.9394        3.5980  8791760   67.11%
Elapsed time = 395.95 sec. (221854.88 ticks, tree = 1183.96 MB, solutions = 30)
 280732 120599        4.1188   453       10.9394        3.5980  8912207   67.11%
 284723 125504        6.8433   224       10.9394        3.5980  9052730   67.11%
 288194 128334        6.8590   190       10.9394        3.5980  9153016   67.11%
 292398 132327        6.4016   200       10.9394        3.5980  9295141   67.11%
 296146 136230        4.8505   346       10.9394        3.5980  9427113   67.11%
 300922 140767        5.6776   245       10.9394        3.5980  9562935   67.11%
 305817 146371        6.7206   258       10.9394        3.5980  9708877   67.11%
 309612 149697        5.7035   335       10.9394        3.5980  9821363   67.11%
 313826 153574        4.3071   404       10.9394        3.5980  9938123   67.11%
 318603 158083        4.3032   411       10.9394        3.5980 10088865   67.11%
Elapsed time = 471.99 sec. (260010.76 ticks, tree = 1581.13 MB, solutions = 30)
 324030 162841        6.1962   576       10.9394        3.5980 10202485   67.11%
 328008 166882        3.9086   432       10.9394        3.5980 10322479   67.11%
 332825 171905        6.3736   322       10.9394        3.5980 10472484   67.11%
 338358 176245        8.0063   187       10.9394        3.5980 10585082   67.11%
 342672 181241        4.4853   425       10.9394        3.5980 10744919   67.11%
 348773 186099        5.5304   312       10.9394        3.5980 10868185   67.11%
 352924 191204        7.6716   228       10.9394        3.5980 11031648   67.11%
 356467 194880        6.9203   228       10.9394        3.5980 11159802   67.11%
 361142 197381        4.1430   409       10.9394        3.5980 11257902   67.11%
 366365 203157        4.0071   406       10.9394        3.5980 11387929   67.11%
Elapsed time = 547.66 sec. (298165.12 ticks, tree = 2028.52 MB, solutions = 30)
 369802 208185        4.7661   313       10.9394        3.5980 11514200   67.11%
 373658 211037        4.7747   392       10.9394        3.5980 11600296   67.11%
 378309 215532        7.5143   229       10.9394        3.5980 11710829   67.11%
 383457 219458        4.4667   342       10.9394        3.5980 11810693   67.11%
 386879 223868        cutoff             10.9394        3.5980 11953169   67.11%
 391837 228177        9.3246   170       10.9394        3.5980 12072234   67.11%
 396646 232995        5.8438   291       10.9394        3.5980 12211754   67.11%
 402082 238720        4.9627   342       10.9394        3.5980 12356390   67.11%
 406733 243793        8.5590   176       10.9394        3.5980 12485594   67.11%
 411832 246956        5.3038   365       10.9394        3.5980 12568505   67.11%
Elapsed time = 623.31 sec. (336318.74 ticks, tree = 2507.86 MB, solutions = 30)
Nodefile size = 458.25 MB (215.24 MB after compression)
 417112 253196        5.2787   374       10.9394        3.5980 12740492   67.11%
 420747 256840        4.9754   259       10.9394        3.5980 12845213   67.11%
 425228 260714        4.1553   340       10.9394        3.5980 12964261   67.11%
 429415 265362        5.6006   487       10.9394        3.5980 13096040   67.11%
 433685 269679        4.1179   386       10.9394        3.5980 13176924   67.11%
 436998 271857        4.8675   388       10.9394        3.5980 13256989   67.11%
 440756 275164        9.6458   366       10.9394        3.5980 13369994   67.11%
 445326 279724        6.0621   252       10.9394        3.5980 13490362   67.11%
 450223 283957        5.5122   453       10.9394        3.5980 13590009   67.11%
 455066 288873        5.5402   339       10.9394        3.5980 13717571   67.11%
Elapsed time = 698.72 sec. (374473.42 ticks, tree = 2914.84 MB, solutions = 30)
Nodefile size = 864.10 MB (409.28 MB after compression)
 458334 292783        7.6916   217       10.9394        3.5980 13830254   67.11%
 462748 296931        5.6172   503       10.9394        3.5980 13957434   67.11%
 467095 300615        8.5590   225       10.9394        3.5980 14059854   67.11%
 471112 304321        6.7573   546       10.9394        3.5980 14145437   67.11%
 475177 307894        5.5402   415       10.9394        3.5980 14255931   67.11%
 479606 313005        6.3937   262       10.9394        3.5980 14445879   67.11%
 483781 317108        4.6648   302       10.9394        3.5980 14569009   67.11%
 489245 322361        5.1713   378       10.9394        3.5980 14683846   67.11%
 493070 325358        9.3246   243       10.9394        3.5980 14765983   67.11%
 497423 329171        7.0513   271       10.9394        3.5980 14901780   67.11%
Elapsed time = 773.64 sec. (412628.04 ticks, tree = 3207.53 MB, solutions = 30)
Nodefile size = 1155.83 MB (544.80 MB after compression)
 501232 333248        5.7310   353       10.9394        3.5980 15013687   67.11%
 505568 338127        5.6238   274       10.9394        3.5980 15182428   67.11%
 509891 342125        4.5421   303       10.9394        3.5980 15289029   67.11%
 513521 346142        6.0733   287       10.9394        3.5980 15393794   67.11%
 517826 349702        6.8433   314       10.9394        3.5980 15507876   67.11%
 521928 352377        5.2020   353       10.9394        3.5980 15579322   67.11%
 526007 357393        5.3347   263       10.9394        3.5980 15754778   67.11%
 529842 361651        5.6509   263       10.9394        3.5980 15869034   67.11%
 533220 363758        7.1678   345       10.9394        3.5980 15981974   67.11%
 537628 367348        7.4487   182       10.9394        3.5980 16098048   67.11%
Elapsed time = 848.98 sec. (450781.88 ticks, tree = 3632.36 MB, solutions = 30)
Nodefile size = 1577.96 MB (739.72 MB after compression)
 541826 371426        4.4863   526       10.9394        3.5980 16233647   67.11%
 545386 376014        4.7451   524       10.9394        3.5980 16366032   67.11%
 549794 379302        5.0745   302       10.9394        3.5980 16444313   67.11%
 554905 382936        8.0976   229       10.9394        3.5980 16562391   67.11%
 559322 387725        9.0334   234       10.9394        3.5980 16694699   67.11%
 562904 392889        8.5590   237       10.9394        3.5980 16851241   67.11%
 567522 396296        8.0315   213       10.9394        3.5980 16950988   67.11%
 571743 399643        6.0445   328       10.9394        3.5993 17040419   67.10%
 575672 404312        7.6716   272       10.9394        3.6004 17175418   67.09%
 579792 407475        8.0063   244       10.9394        3.6008 17292259   67.08%
Elapsed time = 916.75 sec. (488937.98 ticks, tree = 4093.93 MB, solutions = 30)
Nodefile size = 2044.23 MB (948.84 MB after compression)
 583150 411435        6.9116   319       10.9394        3.6008 17408851   67.08%
 587088 413556       10.0530   187       10.9394        3.6053 17487015   67.04%
 591021 417367        5.5977   519       10.9394        3.6071 17592651   67.03%
 594965 421788        5.3611   353       10.9394        3.6079 17769743   67.02%
 598761 424938        6.9859   305       10.9394        3.6096 17853109   67.00%
 601875 429014        6.3126   692       10.9394        3.6104 18016638   67.00%
 605706 430938        9.6915   240       10.9394        3.6112 18092866   66.99%
 609317 434634        7.5677   211       10.9394        3.6133 18199722   66.97%
 613854 438916        9.5616   159       10.9394        3.6144 18353467   66.96%
 617405 442162        4.7491   308       10.9394        3.6149 18451942   66.96%
Elapsed time = 992.41 sec. (527098.14 ticks, tree = 4442.32 MB, solutions = 30)
Nodefile size = 2391.56 MB (1108.99 MB after compression)
 621095 445118        5.0268   371       10.9394        3.6159 18587196   66.95%
 625008 449065        9.0396   194       10.9394        3.6167 18709170   66.94%
 628652 452848        9.6021   159       10.9394        3.6184 18848854   66.92%
 631350 455429        9.6557   296       10.9394        3.6184 18947472   66.92%
 635557 457916        5.0711   504       10.9394        3.6230 19055072   66.88%
 639086 461286        4.8667   429       10.9394        3.6239 19160572   66.87%
 642707 465391        5.8438   329       10.9394        3.6273 19304861   66.84%
 646293 468486        7.3014   440       10.9394        3.6287 19428761   66.83%
 650433 471268        4.4825   340       10.9394        3.6314 19531819   66.80%
 654175 475243        5.5057   380       10.9394        3.6333 19689541   66.79%
Elapsed time = 1070.86 sec. (565252.31 ticks, tree = 4781.82 MB, solutions = 30)
Nodefile size = 2729.96 MB (1264.42 MB after compression)
 657131 478798        5.7592   732       10.9394        3.6359 19822643   66.76%
 660361 481848        5.0694   444       10.9394        3.6366 19939532   66.76%
 664045 484773        4.5592   427       10.9394        3.6376 20064620   66.75%
 668031 488400        8.1208   175       10.9394        3.6402 20236411   66.72%
 671466 490918        6.0415   278       10.9394        3.6419 20360207   66.71%
 674926 494854        6.9859   239       10.9394        3.6433 20522640   66.70%
 678898 497847       10.3492   120       10.9394        3.6450 20633702   66.68%
 682782 501218        5.0222   357       10.9394        3.6460 20772050   66.67%
 686439 504505        5.4004   409       10.9394        3.6480 20941122   66.65%
 690201 508236        6.5147   574       10.9394        3.6496 21071927   66.64%
Elapsed time = 1144.42 sec. (603410.47 ticks, tree = 5161.37 MB, solutions = 30)
Nodefile size = 3111.91 MB (1439.01 MB after compression)
 693345 511116        8.0457   278       10.9394        3.6500 21194662   66.63%
 697072 514093        9.3656   283       10.9394        3.6510 21294752   66.63%
 700852 516755        6.7444   356       10.9394        3.6544 21412918   66.59%
 704916 520212       10.6871   166       10.9394        3.6549 21569186   66.59%
 708876 524852        8.0327   328       10.9394        3.6570 21757113   66.57%
 712753 527212        7.2464   285       10.9394        3.6587 21844171   66.56%
 716610 532279        8.4939   306       10.9394        3.6597 22050126   66.55%
 720606 533809        cutoff             10.9394        3.6604 22106889   66.54%
 724430 537489       10.6255    69       10.9394        3.6627 22240283   66.52%
 727880 542582        7.4096   243       10.9394        3.6642 22437455   66.50%
Elapsed time = 1221.98 sec. (641566.17 ticks, tree = 5512.02 MB, solutions = 30)
Nodefile size = 3461.81 MB (1599.77 MB after compression)
 731321 545095        6.0388   327       10.9394        3.6654 22563567   66.49%
 735040 548210        6.2986   280       10.9394        3.6671 22675668   66.48%
 738128 551502        5.9143   350       10.9394        3.6682 22819500   66.47%
 741774 553393        7.5725   228       10.9394        3.6693 22932540   66.46%
 745246 556126        5.8773   302       10.9394        3.6702 23060269   66.45%
 749253 560790        5.6705   331       10.9394        3.6712 23229629   66.44%
 752197 562734        8.0976   548       10.9394        3.6732 23307058   66.42%
 756013 566252        5.5355   433       10.9394        3.6738 23480977   66.42%
 759688 570295        7.6188   286       10.9394        3.6747 23643659   66.41%
 763199 572155        9.3656   271       10.9394        3.6749 23712042   66.41%
Elapsed time = 1300.07 sec. (679723.83 ticks, tree = 5853.50 MB, solutions = 30)
Nodefile size = 3803.89 MB (1759.68 MB after compression)
 766622 576559        7.0206   395       10.9394        3.6769 23908252   66.39%
 769956 579750        4.6942   504       10.9394        3.6782 24067550   66.38%
 773520 582162        4.4264   480       10.9394        3.6788 24159147   66.37%

Log started (V12.9.0.0) Thu May 30 09:39:23 2024


Problem 'problem2.lp' read.
Read time = 0.01 sec. (0.16 ticks)
Tried aggregator 1 time.
Reduced MIP has 1561 rows, 1522 columns, and 6045 nonzeros.
Reduced MIP has 1521 binaries, 0 generals, 0 SOSs, and 0 indicators.
Presolve time = 0.00 sec. (5.03 ticks)
Found incumbent of value 16.973612 after 0.01 sec. (12.24 ticks)
Probing time = 0.00 sec. (2.96 ticks)
Tried aggregator 1 time.
Reduced MIP has 1561 rows, 1522 columns, and 6045 nonzeros.
Reduced MIP has 1521 binaries, 0 generals, 0 SOSs, and 0 indicators.
Presolve time = 0.00 sec. (5.90 ticks)
Probing time = 0.00 sec. (2.90 ticks)
Clique table members: 3891.
MIP emphasis: balance optimality and feasibility.
MIP search method: dynamic search.
Parallel mode: deterministic, using up to 12 threads.
Root relaxation solution time = 0.11 sec. (140.23 ticks)

        Nodes                                         Cuts/
   Node  Left     Objective  IInf  Best Integer    Best Bound    ItCnt     Gap

*     0+    0                           16.9736        0.0000           100.00%
      0     0        0.5797   159       16.9736        0.5797     1695   96.58%
*     0+    0                            8.3968        0.5797            93.10%
      0     0        0.7037   161        8.3968      Cuts: 60     1830   91.62%
*     0+    0                            8.3758        0.7037            91.60%
      0     0        0.7669   163        8.3758      Cuts: 57     1959   90.84%
*     0+    0                            6.5133        0.7669            88.23%
      0     0        0.7867   185        6.5133      Cuts: 44     2023   87.92%
*     0+    0                            6.4387        0.7867            87.78%
      0     0        0.7984   193        6.4387      Cuts: 46     2100   87.60%
*     0+    0                            6.3199        0.7984            87.37%
      0     0        0.8003   200        6.3199      Cuts: 23     2134   87.34%
*     0+    0                            4.1610        0.8003            80.77%
      0     0        0.8018   199        4.1610      Cuts: 18     2164   80.73%
*     0+    0                            4.1122        0.8018            80.50%
*     0+    0                            4.0652        0.8018            80.28%
*     0+    0                            4.0425        0.8018            80.17%
*     0+    0                            3.8300        0.8018            79.06%
*     0+    0                            3.7536        0.8018            78.64%
*     0+    0                            3.6886        0.8018            78.26%
*     0+    0                            3.2124        0.8018            75.04%
*     0+    0                            3.1689        0.8018            74.70%
*     0+    0                            3.1630        0.8018            74.65%
*     0+    0                            2.8179        0.8018            71.54%
*     0+    0                            2.7723        0.8018            71.08%
*     0+    0                            2.3245        0.8018            65.51%

Repeating presolve.
Tried aggregator 2 times.
MIP Presolve eliminated 1194 rows and 1193 columns.
MIP Presolve modified 2 coefficients.
Aggregator did 1 substitutions.
Reduced MIP has 366 rows, 328 columns, and 1272 nonzeros.
Reduced MIP has 327 binaries, 0 generals, 0 SOSs, and 0 indicators.
Presolve time = 0.00 sec. (2.03 ticks)
Probing time = 0.00 sec. (1.16 ticks)
Tried aggregator 1 time.
Reduced MIP has 366 rows, 328 columns, and 1272 nonzeros.
Reduced MIP has 327 binaries, 0 generals, 0 SOSs, and 0 indicators.
Presolve time = 0.00 sec. (1.08 ticks)
Represolve time = 0.01 sec. (9.06 ticks)
Probing time = 0.00 sec. (1.16 ticks)
Clique table members: 745.
MIP emphasis: balance optimality and feasibility.
MIP search method: dynamic search.
Parallel mode: deterministic, using up to 12 threads.
Root relaxation solution time = 0.01 sec. (17.85 ticks)

        Nodes                                         Cuts/
   Node  Left     Objective  IInf  Best Integer    Best Bound    ItCnt     Gap

*     0+    0                            2.3245        0.8464            63.59%
      0     0        0.8186   186        2.3245        0.8464     2647   63.59%
      0     0        0.8811   185        2.3245      Cuts: 65     2848   62.09%
      0     0        0.9338   171        2.3245      Cuts: 64     2969   59.83%
      0     0        0.9709   177        2.3245      Cuts: 36     3037   58.23%
      0     0        1.0057   163        2.3245      Cuts: 34     3129   56.74%
      0     0        1.0219   153        2.3245      Cuts: 28     3161   56.04%
      0     0        1.0355   156        2.3245      Cuts: 26     3209   55.45%
      0     0        1.0460   167        2.3245      Cuts: 25     3240   55.00%
      0     0        1.0683   161        2.3245      Cuts: 28     3286   54.04%
      0     0        1.0740   167        2.3245      Cuts: 15     3313   53.80%
      0     0        1.0804   163        2.3245      Cuts: 33     3339   53.52%
      0     0        1.0890   159        2.3245       Cuts: 6     3357   53.15%
      0     0        1.0924   154        2.3245      Cuts: 20     3374   53.00%
      0     0        1.0927   158        2.3245      Cuts: 20     3384   52.99%
      0     0        1.0936   159        2.3245      Cuts: 26     3400   52.95%
      0     0        1.0957   156        2.3245      Cuts: 10     3413   52.86%
      0     0        1.0997   168        2.3245      Cuts: 10     3436   52.69%
      0     0        1.1000   172        2.3245      Cuts: 21     3445   52.68%
      0     0        1.1027   162        2.3245      Cuts: 10     3477   52.56%
      0     0        1.1031   157        2.3245       Cuts: 9     3487   52.54%
      0     0        1.1046   171        2.3245      Cuts: 21     3502   52.48%
      0     0        1.1085   168        2.3245       Cuts: 8     3519   52.31%
      0     0        1.1092   161        2.3245       Cuts: 4     3531   52.28%
      0     0        1.1103   162        2.3245       Cuts: 5     3547   52.24%
      0     0        1.1120   165        2.3245       Cuts: 7     3560   52.16%
      0     0        1.1120   164        2.3245   ZeroHalf: 2     3564   52.16%
      0     0        1.1128   150        2.3245   ZeroHalf: 2     3575   52.13%
      0     0        1.1133   160        2.3245      Cuts: 21     3590   52.10%
      0     0        1.1133   161        2.3245       Cuts: 3     3597   52.10%
      0     2        1.1133   161        2.3245        1.1133     3597   52.10%
Elapsed time = 2.42 sec. (1799.64 ticks, tree = 0.02 MB, solutions = 19)
   4281  2351        1.7239   150        2.3245        1.8425    58136   20.73%
   6622   781        2.1620    56        2.3245        1.9825    97544   14.71%

GUB cover cuts applied:  1
Clique cuts applied:  56
Cover cuts applied:  31
Flow cuts applied:  1
Mixed integer rounding cuts applied:  16
Zero-half cuts applied:  46
Lift and project cuts applied:  9

Root node processing (before b&c):
  Real time             =    2.41 sec. (1799.18 ticks)
Parallel b&c, 12 threads:
  Real time             =    1.23 sec. (861.27 ticks)
  Sync time (average)   =    0.20 sec.
  Wait time (average)   =    0.00 sec.
                          ------------
Total (root+branch&cut) =    3.64 sec. (2660.45 ticks)

Solution pool: 19 solutions saved.

MIP - Integer optimal solution:  Objective =  2.3245054940e+00
Solution time =    3.64 sec.  Iterations = 156089  Nodes = 11563
Deterministic time = 2660.45 ticks  (731.33 ticks/sec)


Incumbent solution
Variable Name           Solution Value
z                             2.324505
x_12_12                       1.000000
x_17_17                       1.000000
x_19_19                       1.000000
x_21_21                       1.000000
x_23_23                       1.000000
x_25_25                       1.000000
x_26_26                       1.000000
x_31_31                       1.000000
x_33_33                       1.000000
x_34_34                       1.000000
x_36_36                       1.000000
x_6_6                         1.000000
x_7_7                         1.000000
x_9_9                         1.000000
x_8_23                        1.000000
x_27_26                       1.000000
x_28_12                       1.000000
x_29_36                       1.000000
x_10_7                        1.000000
x_30_31                       1.000000
x_32_36                       1.000000
x_11_17                       1.000000
x_35_36                       1.000000
x_37_36                       1.000000
x_2_33                        1.000000
x_13_26                       1.000000
x_38_36                       1.000000
x_1_7                         1.000000
x_16_12                       1.000000
x_15_17                       1.000000
x_20_19                       1.000000
x_4_19                        1.000000
x_5_20                        0.000000
x_18_21                       1.000000
x_24_25                       1.000000
x_5_25                        1.000000
x_14_26                       1.000000
x_3_31                        1.000000
x_0_33                        1.000000
x_22_34                       1.000000
All other variables in the range 1-1522 are 0.
Not available for mixed integer problems.
Use CHANGE PROBLEM to change problem type.
